<beans xmlns="http://www.springframework.org/schema/beans"
	xmlns:xsi="http://www.w3.org/2001/XMLSchema-instance"
	xmlns:p="http://www.springframework.org/schema/p"
	xmlns:context="http://www.springframework.org/schema/context"
	xmlns:mvc="http://www.springframework.org/schema/mvc"
	xsi:schemaLocation="http://www.springframework.org/schema/mvc http://www.springframework.org/schema/mvc/spring-mvc.xsd
		http://www.springframework.org/schema/beans http://www.springframework.org/schema/beans/spring-beans-4.1.xsd
		http://www.springframework.org/schema/context http://www.springframework.org/schema/context/spring-context-4.1.xsd">
		
    <bean id="appProperties" class="pe.jiyoung.toy.spring.common.util.ToyPropertyResolver">
        <property name="externalConfRoot" value="classpath:externalConfHome"></property>
        <property name="ignoreUnresolvablePlaceholders" value="true"/>
        <property name="locations">
            <list>
                <value>dbconf.properties</value>
                <value>idNpw.properties</value>
            </list>
        </property>
    </bean>
    
    <context:component-scan base-package="pe.jiyoung.toy.spring.jpa" />
    <context:annotation-config />
</beans>